<?xml version="1.0" encoding="UTF-8"?>
<testsuite xmlns:xsi="http://www.w3.org/2001/XMLSchema-instance" xsi:noNamespaceSchemaLocation="https://maven.apache.org/surefire/maven-surefire-plugin/xsd/surefire-test-report-3.0.xsd" version="3.0" name="com.backstage.xduchat.RunTimeTest" time="17.234" tests="1" errors="0" skipped="0" failures="0">
  <properties>
    <property name="java.specification.version" value="17"/>
    <property name="sun.jnu.encoding" value="UTF-8"/>
    <property name="java.class.path" value="/home/zyy/文档/WorkSPace/GitRepForManjaro/Xdu-Chat/target/test-classes:/home/zyy/文档/WorkSPace/GitRepForManjaro/Xdu-Chat/target/classes:/home/zyy/.m2/repository/org/springframework/boot/spring-boot-starter/2.6.13/spring-boot-starter-2.6.13.jar:/home/zyy/.m2/repository/org/springframework/boot/spring-boot/2.6.13/spring-boot-2.6.13.jar:/home/zyy/.m2/repository/org/springframework/spring-context/5.3.23/spring-context-5.3.23.jar:/home/zyy/.m2/repository/org/springframework/boot/spring-boot-autoconfigure/2.6.13/spring-boot-autoconfigure-2.6.13.jar:/home/zyy/.m2/repository/org/springframework/boot/spring-boot-starter-logging/2.6.13/spring-boot-starter-logging-2.6.13.jar:/home/zyy/.m2/repository/ch/qos/logback/logback-classic/1.2.11/logback-classic-1.2.11.jar:/home/zyy/.m2/repository/ch/qos/logback/logback-core/1.2.11/logback-core-1.2.11.jar:/home/zyy/.m2/repository/org/apache/logging/log4j/log4j-to-slf4j/2.17.2/log4j-to-slf4j-2.17.2.jar:/home/zyy/.m2/repository/org/apache/logging/log4j/log4j-api/2.17.2/log4j-api-2.17.2.jar:/home/zyy/.m2/repository/org/slf4j/jul-to-slf4j/1.7.36/jul-to-slf4j-1.7.36.jar:/home/zyy/.m2/repository/jakarta/annotation/jakarta.annotation-api/1.3.5/jakarta.annotation-api-1.3.5.jar:/home/zyy/.m2/repository/org/springframework/spring-core/5.3.23/spring-core-5.3.23.jar:/home/zyy/.m2/repository/org/springframework/spring-jcl/5.3.23/spring-jcl-5.3.23.jar:/home/zyy/.m2/repository/org/yaml/snakeyaml/1.29/snakeyaml-1.29.jar:/home/zyy/.m2/repository/org/springframework/boot/spring-boot-starter-web/2.6.13/spring-boot-starter-web-2.6.13.jar:/home/zyy/.m2/repository/org/springframework/boot/spring-boot-starter-json/2.6.13/spring-boot-starter-json-2.6.13.jar:/home/zyy/.m2/repository/com/fasterxml/jackson/core/jackson-databind/2.13.4.2/jackson-databind-2.13.4.2.jar:/home/zyy/.m2/repository/com/fasterxml/jackson/core/jackson-core/2.13.4/jackson-core-2.13.4.jar:/home/zyy/.m2/repository/com/fasterxml/jackson/datatype/jackson-datatype-jdk8/2.13.4/jackson-datatype-jdk8-2.13.4.jar:/home/zyy/.m2/repository/com/fasterxml/jackson/datatype/jackson-datatype-jsr310/2.13.4/jackson-datatype-jsr310-2.13.4.jar:/home/zyy/.m2/repository/com/fasterxml/jackson/module/jackson-module-parameter-names/2.13.4/jackson-module-parameter-names-2.13.4.jar:/home/zyy/.m2/repository/org/springframework/boot/spring-boot-starter-tomcat/2.6.13/spring-boot-starter-tomcat-2.6.13.jar:/home/zyy/.m2/repository/org/apache/tomcat/embed/tomcat-embed-core/9.0.68/tomcat-embed-core-9.0.68.jar:/home/zyy/.m2/repository/org/apache/tomcat/embed/tomcat-embed-el/9.0.68/tomcat-embed-el-9.0.68.jar:/home/zyy/.m2/repository/org/apache/tomcat/embed/tomcat-embed-websocket/9.0.68/tomcat-embed-websocket-9.0.68.jar:/home/zyy/.m2/repository/org/springframework/spring-web/5.3.23/spring-web-5.3.23.jar:/home/zyy/.m2/repository/org/springframework/spring-beans/5.3.23/spring-beans-5.3.23.jar:/home/zyy/.m2/repository/org/springframework/spring-webmvc/5.3.23/spring-webmvc-5.3.23.jar:/home/zyy/.m2/repository/org/springframework/spring-aop/5.3.23/spring-aop-5.3.23.jar:/home/zyy/.m2/repository/org/springframework/spring-expression/5.3.23/spring-expression-5.3.23.jar:/home/zyy/.m2/repository/org/springframework/boot/spring-boot-starter-test/2.6.13/spring-boot-starter-test-2.6.13.jar:/home/zyy/.m2/repository/org/springframework/boot/spring-boot-test/2.6.13/spring-boot-test-2.6.13.jar:/home/zyy/.m2/repository/org/springframework/boot/spring-boot-test-autoconfigure/2.6.13/spring-boot-test-autoconfigure-2.6.13.jar:/home/zyy/.m2/repository/com/jayway/jsonpath/json-path/2.6.0/json-path-2.6.0.jar:/home/zyy/.m2/repository/net/minidev/json-smart/2.4.8/json-smart-2.4.8.jar:/home/zyy/.m2/repository/net/minidev/accessors-smart/2.4.8/accessors-smart-2.4.8.jar:/home/zyy/.m2/repository/org/ow2/asm/asm/9.1/asm-9.1.jar:/home/zyy/.m2/repository/org/slf4j/slf4j-api/1.7.36/slf4j-api-1.7.36.jar:/home/zyy/.m2/repository/jakarta/xml/bind/jakarta.xml.bind-api/2.3.3/jakarta.xml.bind-api-2.3.3.jar:/home/zyy/.m2/repository/jakarta/activation/jakarta.activation-api/1.2.2/jakarta.activation-api-1.2.2.jar:/home/zyy/.m2/repository/org/assertj/assertj-core/3.21.0/assertj-core-3.21.0.jar:/home/zyy/.m2/repository/org/hamcrest/hamcrest/2.2/hamcrest-2.2.jar:/home/zyy/.m2/repository/org/junit/jupiter/junit-jupiter/5.8.2/junit-jupiter-5.8.2.jar:/home/zyy/.m2/repository/org/junit/jupiter/junit-jupiter-api/5.8.2/junit-jupiter-api-5.8.2.jar:/home/zyy/.m2/repository/org/opentest4j/opentest4j/1.2.0/opentest4j-1.2.0.jar:/home/zyy/.m2/repository/org/junit/platform/junit-platform-commons/1.8.2/junit-platform-commons-1.8.2.jar:/home/zyy/.m2/repository/org/apiguardian/apiguardian-api/1.1.2/apiguardian-api-1.1.2.jar:/home/zyy/.m2/repository/org/junit/jupiter/junit-jupiter-params/5.8.2/junit-jupiter-params-5.8.2.jar:/home/zyy/.m2/repository/org/junit/jupiter/junit-jupiter-engine/5.8.2/junit-jupiter-engine-5.8.2.jar:/home/zyy/.m2/repository/org/junit/platform/junit-platform-engine/1.8.2/junit-platform-engine-1.8.2.jar:/home/zyy/.m2/repository/org/mockito/mockito-core/4.0.0/mockito-core-4.0.0.jar:/home/zyy/.m2/repository/net/bytebuddy/byte-buddy/1.11.22/byte-buddy-1.11.22.jar:/home/zyy/.m2/repository/net/bytebuddy/byte-buddy-agent/1.11.22/byte-buddy-agent-1.11.22.jar:/home/zyy/.m2/repository/org/objenesis/objenesis/3.2/objenesis-3.2.jar:/home/zyy/.m2/repository/org/mockito/mockito-junit-jupiter/4.0.0/mockito-junit-jupiter-4.0.0.jar:/home/zyy/.m2/repository/org/skyscreamer/jsonassert/1.5.1/jsonassert-1.5.1.jar:/home/zyy/.m2/repository/com/vaadin/external/google/android-json/0.0.20131108.vaadin1/android-json-0.0.20131108.vaadin1.jar:/home/zyy/.m2/repository/org/xmlunit/xmlunit-core/2.8.4/xmlunit-core-2.8.4.jar:/home/zyy/.m2/repository/com/github/xiaoymin/knife4j-openapi2-spring-boot-starter/4.4.0/knife4j-openapi2-spring-boot-starter-4.4.0.jar:/home/zyy/.m2/repository/com/github/xiaoymin/knife4j-core/4.4.0/knife4j-core-4.4.0.jar:/home/zyy/.m2/repository/com/github/xiaoymin/knife4j-openapi2-ui/4.4.0/knife4j-openapi2-ui-4.4.0.jar:/home/zyy/.m2/repository/org/javassist/javassist/3.25.0-GA/javassist-3.25.0-GA.jar:/home/zyy/.m2/repository/io/springfox/springfox-swagger2/2.10.5/springfox-swagger2-2.10.5.jar:/home/zyy/.m2/repository/io/springfox/springfox-spi/2.10.5/springfox-spi-2.10.5.jar:/home/zyy/.m2/repository/io/springfox/springfox-core/2.10.5/springfox-core-2.10.5.jar:/home/zyy/.m2/repository/io/springfox/springfox-schema/2.10.5/springfox-schema-2.10.5.jar:/home/zyy/.m2/repository/io/springfox/springfox-swagger-common/2.10.5/springfox-swagger-common-2.10.5.jar:/home/zyy/.m2/repository/io/springfox/springfox-spring-web/2.10.5/springfox-spring-web-2.10.5.jar:/home/zyy/.m2/repository/io/github/classgraph/classgraph/4.1.7/classgraph-4.1.7.jar:/home/zyy/.m2/repository/com/fasterxml/classmate/1.5.1/classmate-1.5.1.jar:/home/zyy/.m2/repository/org/springframework/plugin/spring-plugin-core/2.0.0.RELEASE/spring-plugin-core-2.0.0.RELEASE.jar:/home/zyy/.m2/repository/org/springframework/plugin/spring-plugin-metadata/2.0.0.RELEASE/spring-plugin-metadata-2.0.0.RELEASE.jar:/home/zyy/.m2/repository/org/mapstruct/mapstruct/1.3.1.Final/mapstruct-1.3.1.Final.jar:/home/zyy/.m2/repository/io/swagger/swagger-models/1.6.6/swagger-models-1.6.6.jar:/home/zyy/.m2/repository/com/fasterxml/jackson/core/jackson-annotations/2.13.4/jackson-annotations-2.13.4.jar:/home/zyy/.m2/repository/io/swagger/swagger-annotations/1.6.6/swagger-annotations-1.6.6.jar:/home/zyy/.m2/repository/io/springfox/springfox-bean-validators/2.10.5/springfox-bean-validators-2.10.5.jar:/home/zyy/.m2/repository/io/springfox/springfox-spring-webmvc/2.10.5/springfox-spring-webmvc-2.10.5.jar:/home/zyy/.m2/repository/cn/hutool/hutool-all/5.8.23/hutool-all-5.8.23.jar:/home/zyy/.m2/repository/org/projectlombok/lombok/1.18.24/lombok-1.18.24.jar:/home/zyy/.m2/repository/org/springframework/boot/spring-boot-starter-webflux/2.7.0/spring-boot-starter-webflux-2.7.0.jar:/home/zyy/.m2/repository/org/springframework/boot/spring-boot-starter-reactor-netty/2.6.13/spring-boot-starter-reactor-netty-2.6.13.jar:/home/zyy/.m2/repository/io/projectreactor/netty/reactor-netty-http/1.0.24/reactor-netty-http-1.0.24.jar:/home/zyy/.m2/repository/io/netty/netty-codec-http/4.1.84.Final/netty-codec-http-4.1.84.Final.jar:/home/zyy/.m2/repository/io/netty/netty-common/4.1.84.Final/netty-common-4.1.84.Final.jar:/home/zyy/.m2/repository/io/netty/netty-buffer/4.1.84.Final/netty-buffer-4.1.84.Final.jar:/home/zyy/.m2/repository/io/netty/netty-transport/4.1.84.Final/netty-transport-4.1.84.Final.jar:/home/zyy/.m2/repository/io/netty/netty-codec/4.1.84.Final/netty-codec-4.1.84.Final.jar:/home/zyy/.m2/repository/io/netty/netty-handler/4.1.84.Final/netty-handler-4.1.84.Final.jar:/home/zyy/.m2/repository/io/netty/netty-codec-http2/4.1.84.Final/netty-codec-http2-4.1.84.Final.jar:/home/zyy/.m2/repository/io/netty/netty-resolver-dns/4.1.84.Final/netty-resolver-dns-4.1.84.Final.jar:/home/zyy/.m2/repository/io/netty/netty-resolver/4.1.84.Final/netty-resolver-4.1.84.Final.jar:/home/zyy/.m2/repository/io/netty/netty-codec-dns/4.1.84.Final/netty-codec-dns-4.1.84.Final.jar:/home/zyy/.m2/repository/io/netty/netty-resolver-dns-native-macos/4.1.84.Final/netty-resolver-dns-native-macos-4.1.84.Final-osx-x86_64.jar:/home/zyy/.m2/repository/io/netty/netty-resolver-dns-classes-macos/4.1.84.Final/netty-resolver-dns-classes-macos-4.1.84.Final.jar:/home/zyy/.m2/repository/io/netty/netty-transport-native-epoll/4.1.84.Final/netty-transport-native-epoll-4.1.84.Final-linux-x86_64.jar:/home/zyy/.m2/repository/io/netty/netty-transport-native-unix-common/4.1.84.Final/netty-transport-native-unix-common-4.1.84.Final.jar:/home/zyy/.m2/repository/io/netty/netty-transport-classes-epoll/4.1.84.Final/netty-transport-classes-epoll-4.1.84.Final.jar:/home/zyy/.m2/repository/io/projectreactor/netty/reactor-netty-core/1.0.24/reactor-netty-core-1.0.24.jar:/home/zyy/.m2/repository/io/netty/netty-handler-proxy/4.1.84.Final/netty-handler-proxy-4.1.84.Final.jar:/home/zyy/.m2/repository/io/netty/netty-codec-socks/4.1.84.Final/netty-codec-socks-4.1.84.Final.jar:/home/zyy/.m2/repository/org/springframework/spring-webflux/5.3.23/spring-webflux-5.3.23.jar:/home/zyy/.m2/repository/io/projectreactor/reactor-core/3.4.24/reactor-core-3.4.24.jar:/home/zyy/.m2/repository/org/reactivestreams/reactive-streams/1.0.4/reactive-streams-1.0.4.jar:/home/zyy/.m2/repository/org/springframework/spring-test/5.3.23/spring-test-5.3.23.jar:/home/zyy/.m2/repository/com/mysql/mysql-connector-j/8.0.33/mysql-connector-j-8.0.33.jar:/home/zyy/.m2/repository/com/baomidou/mybatis-plus-boot-starter/3.5.3.1/mybatis-plus-boot-starter-3.5.3.1.jar:/home/zyy/.m2/repository/com/baomidou/mybatis-plus/3.5.3.1/mybatis-plus-3.5.3.1.jar:/home/zyy/.m2/repository/com/baomidou/mybatis-plus-extension/3.5.3.1/mybatis-plus-extension-3.5.3.1.jar:/home/zyy/.m2/repository/com/baomidou/mybatis-plus-core/3.5.3.1/mybatis-plus-core-3.5.3.1.jar:/home/zyy/.m2/repository/com/baomidou/mybatis-plus-annotation/3.5.3.1/mybatis-plus-annotation-3.5.3.1.jar:/home/zyy/.m2/repository/com/github/jsqlparser/jsqlparser/4.4/jsqlparser-4.4.jar:/home/zyy/.m2/repository/org/mybatis/mybatis/3.5.10/mybatis-3.5.10.jar:/home/zyy/.m2/repository/org/mybatis/mybatis-spring/2.0.7/mybatis-spring-2.0.7.jar:/home/zyy/.m2/repository/org/springframework/boot/spring-boot-starter-jdbc/2.6.13/spring-boot-starter-jdbc-2.6.13.jar:/home/zyy/.m2/repository/com/zaxxer/HikariCP/4.0.3/HikariCP-4.0.3.jar:/home/zyy/.m2/repository/org/springframework/spring-jdbc/5.3.23/spring-jdbc-5.3.23.jar:/home/zyy/.m2/repository/org/springframework/spring-tx/5.3.23/spring-tx-5.3.23.jar:"/>
    <property name="java.vm.vendor" value="Amazon.com Inc."/>
    <property name="sun.arch.data.model" value="64"/>
    <property name="java.vendor.url" value="https://aws.amazon.com/corretto/"/>
    <property name="user.timezone" value="Asia/Shanghai"/>
    <property name="os.name" value="Linux"/>
    <property name="java.vm.specification.version" value="17"/>
    <property name="sun.java.launcher" value="SUN_STANDARD"/>
    <property name="user.country" value="CN"/>
    <property name="sun.boot.library.path" value="/home/zyy/.jdks/corretto-17.0.9/lib"/>
    <property name="sun.java.command" value="/home/zyy/文档/WorkSPace/GitRepForManjaro/Xdu-Chat/target/surefire/surefirebooter-20240519184432537_3.jar /home/zyy/文档/WorkSPace/GitRepForManjaro/Xdu-Chat/target/surefire 2024-05-19T18-44-31_870-jvmRun1 surefire-20240519184432537_1tmp surefire_0-20240519184432537_2tmp"/>
    <property name="jdk.debug" value="release"/>
    <property name="surefire.test.class.path" value="/home/zyy/文档/WorkSPace/GitRepForManjaro/Xdu-Chat/target/test-classes:/home/zyy/文档/WorkSPace/GitRepForManjaro/Xdu-Chat/target/classes:/home/zyy/.m2/repository/org/springframework/boot/spring-boot-starter/2.6.13/spring-boot-starter-2.6.13.jar:/home/zyy/.m2/repository/org/springframework/boot/spring-boot/2.6.13/spring-boot-2.6.13.jar:/home/zyy/.m2/repository/org/springframework/spring-context/5.3.23/spring-context-5.3.23.jar:/home/zyy/.m2/repository/org/springframework/boot/spring-boot-autoconfigure/2.6.13/spring-boot-autoconfigure-2.6.13.jar:/home/zyy/.m2/repository/org/springframework/boot/spring-boot-starter-logging/2.6.13/spring-boot-starter-logging-2.6.13.jar:/home/zyy/.m2/repository/ch/qos/logback/logback-classic/1.2.11/logback-classic-1.2.11.jar:/home/zyy/.m2/repository/ch/qos/logback/logback-core/1.2.11/logback-core-1.2.11.jar:/home/zyy/.m2/repository/org/apache/logging/log4j/log4j-to-slf4j/2.17.2/log4j-to-slf4j-2.17.2.jar:/home/zyy/.m2/repository/org/apache/logging/log4j/log4j-api/2.17.2/log4j-api-2.17.2.jar:/home/zyy/.m2/repository/org/slf4j/jul-to-slf4j/1.7.36/jul-to-slf4j-1.7.36.jar:/home/zyy/.m2/repository/jakarta/annotation/jakarta.annotation-api/1.3.5/jakarta.annotation-api-1.3.5.jar:/home/zyy/.m2/repository/org/springframework/spring-core/5.3.23/spring-core-5.3.23.jar:/home/zyy/.m2/repository/org/springframework/spring-jcl/5.3.23/spring-jcl-5.3.23.jar:/home/zyy/.m2/repository/org/yaml/snakeyaml/1.29/snakeyaml-1.29.jar:/home/zyy/.m2/repository/org/springframework/boot/spring-boot-starter-web/2.6.13/spring-boot-starter-web-2.6.13.jar:/home/zyy/.m2/repository/org/springframework/boot/spring-boot-starter-json/2.6.13/spring-boot-starter-json-2.6.13.jar:/home/zyy/.m2/repository/com/fasterxml/jackson/core/jackson-databind/2.13.4.2/jackson-databind-2.13.4.2.jar:/home/zyy/.m2/repository/com/fasterxml/jackson/core/jackson-core/2.13.4/jackson-core-2.13.4.jar:/home/zyy/.m2/repository/com/fasterxml/jackson/datatype/jackson-datatype-jdk8/2.13.4/jackson-datatype-jdk8-2.13.4.jar:/home/zyy/.m2/repository/com/fasterxml/jackson/datatype/jackson-datatype-jsr310/2.13.4/jackson-datatype-jsr310-2.13.4.jar:/home/zyy/.m2/repository/com/fasterxml/jackson/module/jackson-module-parameter-names/2.13.4/jackson-module-parameter-names-2.13.4.jar:/home/zyy/.m2/repository/org/springframework/boot/spring-boot-starter-tomcat/2.6.13/spring-boot-starter-tomcat-2.6.13.jar:/home/zyy/.m2/repository/org/apache/tomcat/embed/tomcat-embed-core/9.0.68/tomcat-embed-core-9.0.68.jar:/home/zyy/.m2/repository/org/apache/tomcat/embed/tomcat-embed-el/9.0.68/tomcat-embed-el-9.0.68.jar:/home/zyy/.m2/repository/org/apache/tomcat/embed/tomcat-embed-websocket/9.0.68/tomcat-embed-websocket-9.0.68.jar:/home/zyy/.m2/repository/org/springframework/spring-web/5.3.23/spring-web-5.3.23.jar:/home/zyy/.m2/repository/org/springframework/spring-beans/5.3.23/spring-beans-5.3.23.jar:/home/zyy/.m2/repository/org/springframework/spring-webmvc/5.3.23/spring-webmvc-5.3.23.jar:/home/zyy/.m2/repository/org/springframework/spring-aop/5.3.23/spring-aop-5.3.23.jar:/home/zyy/.m2/repository/org/springframework/spring-expression/5.3.23/spring-expression-5.3.23.jar:/home/zyy/.m2/repository/org/springframework/boot/spring-boot-starter-test/2.6.13/spring-boot-starter-test-2.6.13.jar:/home/zyy/.m2/repository/org/springframework/boot/spring-boot-test/2.6.13/spring-boot-test-2.6.13.jar:/home/zyy/.m2/repository/org/springframework/boot/spring-boot-test-autoconfigure/2.6.13/spring-boot-test-autoconfigure-2.6.13.jar:/home/zyy/.m2/repository/com/jayway/jsonpath/json-path/2.6.0/json-path-2.6.0.jar:/home/zyy/.m2/repository/net/minidev/json-smart/2.4.8/json-smart-2.4.8.jar:/home/zyy/.m2/repository/net/minidev/accessors-smart/2.4.8/accessors-smart-2.4.8.jar:/home/zyy/.m2/repository/org/ow2/asm/asm/9.1/asm-9.1.jar:/home/zyy/.m2/repository/org/slf4j/slf4j-api/1.7.36/slf4j-api-1.7.36.jar:/home/zyy/.m2/repository/jakarta/xml/bind/jakarta.xml.bind-api/2.3.3/jakarta.xml.bind-api-2.3.3.jar:/home/zyy/.m2/repository/jakarta/activation/jakarta.activation-api/1.2.2/jakarta.activation-api-1.2.2.jar:/home/zyy/.m2/repository/org/assertj/assertj-core/3.21.0/assertj-core-3.21.0.jar:/home/zyy/.m2/repository/org/hamcrest/hamcrest/2.2/hamcrest-2.2.jar:/home/zyy/.m2/repository/org/junit/jupiter/junit-jupiter/5.8.2/junit-jupiter-5.8.2.jar:/home/zyy/.m2/repository/org/junit/jupiter/junit-jupiter-api/5.8.2/junit-jupiter-api-5.8.2.jar:/home/zyy/.m2/repository/org/opentest4j/opentest4j/1.2.0/opentest4j-1.2.0.jar:/home/zyy/.m2/repository/org/junit/platform/junit-platform-commons/1.8.2/junit-platform-commons-1.8.2.jar:/home/zyy/.m2/repository/org/apiguardian/apiguardian-api/1.1.2/apiguardian-api-1.1.2.jar:/home/zyy/.m2/repository/org/junit/jupiter/junit-jupiter-params/5.8.2/junit-jupiter-params-5.8.2.jar:/home/zyy/.m2/repository/org/junit/jupiter/junit-jupiter-engine/5.8.2/junit-jupiter-engine-5.8.2.jar:/home/zyy/.m2/repository/org/junit/platform/junit-platform-engine/1.8.2/junit-platform-engine-1.8.2.jar:/home/zyy/.m2/repository/org/mockito/mockito-core/4.0.0/mockito-core-4.0.0.jar:/home/zyy/.m2/repository/net/bytebuddy/byte-buddy/1.11.22/byte-buddy-1.11.22.jar:/home/zyy/.m2/repository/net/bytebuddy/byte-buddy-agent/1.11.22/byte-buddy-agent-1.11.22.jar:/home/zyy/.m2/repository/org/objenesis/objenesis/3.2/objenesis-3.2.jar:/home/zyy/.m2/repository/org/mockito/mockito-junit-jupiter/4.0.0/mockito-junit-jupiter-4.0.0.jar:/home/zyy/.m2/repository/org/skyscreamer/jsonassert/1.5.1/jsonassert-1.5.1.jar:/home/zyy/.m2/repository/com/vaadin/external/google/android-json/0.0.20131108.vaadin1/android-json-0.0.20131108.vaadin1.jar:/home/zyy/.m2/repository/org/xmlunit/xmlunit-core/2.8.4/xmlunit-core-2.8.4.jar:/home/zyy/.m2/repository/com/github/xiaoymin/knife4j-openapi2-spring-boot-starter/4.4.0/knife4j-openapi2-spring-boot-starter-4.4.0.jar:/home/zyy/.m2/repository/com/github/xiaoymin/knife4j-core/4.4.0/knife4j-core-4.4.0.jar:/home/zyy/.m2/repository/com/github/xiaoymin/knife4j-openapi2-ui/4.4.0/knife4j-openapi2-ui-4.4.0.jar:/home/zyy/.m2/repository/org/javassist/javassist/3.25.0-GA/javassist-3.25.0-GA.jar:/home/zyy/.m2/repository/io/springfox/springfox-swagger2/2.10.5/springfox-swagger2-2.10.5.jar:/home/zyy/.m2/repository/io/springfox/springfox-spi/2.10.5/springfox-spi-2.10.5.jar:/home/zyy/.m2/repository/io/springfox/springfox-core/2.10.5/springfox-core-2.10.5.jar:/home/zyy/.m2/repository/io/springfox/springfox-schema/2.10.5/springfox-schema-2.10.5.jar:/home/zyy/.m2/repository/io/springfox/springfox-swagger-common/2.10.5/springfox-swagger-common-2.10.5.jar:/home/zyy/.m2/repository/io/springfox/springfox-spring-web/2.10.5/springfox-spring-web-2.10.5.jar:/home/zyy/.m2/repository/io/github/classgraph/classgraph/4.1.7/classgraph-4.1.7.jar:/home/zyy/.m2/repository/com/fasterxml/classmate/1.5.1/classmate-1.5.1.jar:/home/zyy/.m2/repository/org/springframework/plugin/spring-plugin-core/2.0.0.RELEASE/spring-plugin-core-2.0.0.RELEASE.jar:/home/zyy/.m2/repository/org/springframework/plugin/spring-plugin-metadata/2.0.0.RELEASE/spring-plugin-metadata-2.0.0.RELEASE.jar:/home/zyy/.m2/repository/org/mapstruct/mapstruct/1.3.1.Final/mapstruct-1.3.1.Final.jar:/home/zyy/.m2/repository/io/swagger/swagger-models/1.6.6/swagger-models-1.6.6.jar:/home/zyy/.m2/repository/com/fasterxml/jackson/core/jackson-annotations/2.13.4/jackson-annotations-2.13.4.jar:/home/zyy/.m2/repository/io/swagger/swagger-annotations/1.6.6/swagger-annotations-1.6.6.jar:/home/zyy/.m2/repository/io/springfox/springfox-bean-validators/2.10.5/springfox-bean-validators-2.10.5.jar:/home/zyy/.m2/repository/io/springfox/springfox-spring-webmvc/2.10.5/springfox-spring-webmvc-2.10.5.jar:/home/zyy/.m2/repository/cn/hutool/hutool-all/5.8.23/hutool-all-5.8.23.jar:/home/zyy/.m2/repository/org/projectlombok/lombok/1.18.24/lombok-1.18.24.jar:/home/zyy/.m2/repository/org/springframework/boot/spring-boot-starter-webflux/2.7.0/spring-boot-starter-webflux-2.7.0.jar:/home/zyy/.m2/repository/org/springframework/boot/spring-boot-starter-reactor-netty/2.6.13/spring-boot-starter-reactor-netty-2.6.13.jar:/home/zyy/.m2/repository/io/projectreactor/netty/reactor-netty-http/1.0.24/reactor-netty-http-1.0.24.jar:/home/zyy/.m2/repository/io/netty/netty-codec-http/4.1.84.Final/netty-codec-http-4.1.84.Final.jar:/home/zyy/.m2/repository/io/netty/netty-common/4.1.84.Final/netty-common-4.1.84.Final.jar:/home/zyy/.m2/repository/io/netty/netty-buffer/4.1.84.Final/netty-buffer-4.1.84.Final.jar:/home/zyy/.m2/repository/io/netty/netty-transport/4.1.84.Final/netty-transport-4.1.84.Final.jar:/home/zyy/.m2/repository/io/netty/netty-codec/4.1.84.Final/netty-codec-4.1.84.Final.jar:/home/zyy/.m2/repository/io/netty/netty-handler/4.1.84.Final/netty-handler-4.1.84.Final.jar:/home/zyy/.m2/repository/io/netty/netty-codec-http2/4.1.84.Final/netty-codec-http2-4.1.84.Final.jar:/home/zyy/.m2/repository/io/netty/netty-resolver-dns/4.1.84.Final/netty-resolver-dns-4.1.84.Final.jar:/home/zyy/.m2/repository/io/netty/netty-resolver/4.1.84.Final/netty-resolver-4.1.84.Final.jar:/home/zyy/.m2/repository/io/netty/netty-codec-dns/4.1.84.Final/netty-codec-dns-4.1.84.Final.jar:/home/zyy/.m2/repository/io/netty/netty-resolver-dns-native-macos/4.1.84.Final/netty-resolver-dns-native-macos-4.1.84.Final-osx-x86_64.jar:/home/zyy/.m2/repository/io/netty/netty-resolver-dns-classes-macos/4.1.84.Final/netty-resolver-dns-classes-macos-4.1.84.Final.jar:/home/zyy/.m2/repository/io/netty/netty-transport-native-epoll/4.1.84.Final/netty-transport-native-epoll-4.1.84.Final-linux-x86_64.jar:/home/zyy/.m2/repository/io/netty/netty-transport-native-unix-common/4.1.84.Final/netty-transport-native-unix-common-4.1.84.Final.jar:/home/zyy/.m2/repository/io/netty/netty-transport-classes-epoll/4.1.84.Final/netty-transport-classes-epoll-4.1.84.Final.jar:/home/zyy/.m2/repository/io/projectreactor/netty/reactor-netty-core/1.0.24/reactor-netty-core-1.0.24.jar:/home/zyy/.m2/repository/io/netty/netty-handler-proxy/4.1.84.Final/netty-handler-proxy-4.1.84.Final.jar:/home/zyy/.m2/repository/io/netty/netty-codec-socks/4.1.84.Final/netty-codec-socks-4.1.84.Final.jar:/home/zyy/.m2/repository/org/springframework/spring-webflux/5.3.23/spring-webflux-5.3.23.jar:/home/zyy/.m2/repository/io/projectreactor/reactor-core/3.4.24/reactor-core-3.4.24.jar:/home/zyy/.m2/repository/org/reactivestreams/reactive-streams/1.0.4/reactive-streams-1.0.4.jar:/home/zyy/.m2/repository/org/springframework/spring-test/5.3.23/spring-test-5.3.23.jar:/home/zyy/.m2/repository/com/mysql/mysql-connector-j/8.0.33/mysql-connector-j-8.0.33.jar:/home/zyy/.m2/repository/com/baomidou/mybatis-plus-boot-starter/3.5.3.1/mybatis-plus-boot-starter-3.5.3.1.jar:/home/zyy/.m2/repository/com/baomidou/mybatis-plus/3.5.3.1/mybatis-plus-3.5.3.1.jar:/home/zyy/.m2/repository/com/baomidou/mybatis-plus-extension/3.5.3.1/mybatis-plus-extension-3.5.3.1.jar:/home/zyy/.m2/repository/com/baomidou/mybatis-plus-core/3.5.3.1/mybatis-plus-core-3.5.3.1.jar:/home/zyy/.m2/repository/com/baomidou/mybatis-plus-annotation/3.5.3.1/mybatis-plus-annotation-3.5.3.1.jar:/home/zyy/.m2/repository/com/github/jsqlparser/jsqlparser/4.4/jsqlparser-4.4.jar:/home/zyy/.m2/repository/org/mybatis/mybatis/3.5.10/mybatis-3.5.10.jar:/home/zyy/.m2/repository/org/mybatis/mybatis-spring/2.0.7/mybatis-spring-2.0.7.jar:/home/zyy/.m2/repository/org/springframework/boot/spring-boot-starter-jdbc/2.6.13/spring-boot-starter-jdbc-2.6.13.jar:/home/zyy/.m2/repository/com/zaxxer/HikariCP/4.0.3/HikariCP-4.0.3.jar:/home/zyy/.m2/repository/org/springframework/spring-jdbc/5.3.23/spring-jdbc-5.3.23.jar:/home/zyy/.m2/repository/org/springframework/spring-tx/5.3.23/spring-tx-5.3.23.jar:"/>
    <property name="sun.cpu.endian" value="little"/>
    <property name="user.home" value="/home/zyy"/>
    <property name="user.language" value="zh"/>
    <property name="java.specification.vendor" value="Oracle Corporation"/>
    <property name="java.version.date" value="2023-10-17"/>
    <property name="java.home" value="/home/zyy/.jdks/corretto-17.0.9"/>
    <property name="file.separator" value="/"/>
    <property name="basedir" value="/home/zyy/文档/WorkSPace/GitRepForManjaro/Xdu-Chat"/>
    <property name="java.vm.compressedOopsMode" value="32-bit"/>
    <property name="line.separator" value="&#10;"/>
    <property name="java.specification.name" value="Java Platform API Specification"/>
    <property name="java.vm.specification.vendor" value="Oracle Corporation"/>
    <property name="FILE_LOG_CHARSET" value="UTF-8"/>
    <property name="java.awt.headless" value="true"/>
    <property name="surefire.real.class.path" value="/home/zyy/文档/WorkSPace/GitRepForManjaro/Xdu-Chat/target/surefire/surefirebooter-20240519184432537_3.jar"/>
    <property name="sun.management.compiler" value="HotSpot 64-Bit Tiered Compilers"/>
    <property name="java.runtime.version" value="17.0.9+8-LTS"/>
    <property name="user.name" value="zyy"/>
    <property name="path.separator" value=":"/>
    <property name="os.version" value="6.7.0-1-rt6-MANJARO"/>
    <property name="java.runtime.name" value="OpenJDK Runtime Environment"/>
    <property name="file.encoding" value="UTF-8"/>
    <property name="spring.beaninfo.ignore" value="true"/>
    <property name="java.vm.name" value="OpenJDK 64-Bit Server VM"/>
    <property name="java.vendor.version" value="Corretto-17.0.9.8.1"/>
    <property name="localRepository" value="/home/zyy/.m2/repository"/>
    <property name="java.vendor.url.bug" value="https://github.com/corretto/corretto-17/issues/"/>
    <property name="java.io.tmpdir" value="/tmp"/>
    <property name="idea.version" value="2024.1.1"/>
    <property name="java.version" value="17.0.9"/>
    <property name="user.dir" value="/home/zyy/文档/WorkSPace/GitRepForManjaro/Xdu-Chat"/>
    <property name="os.arch" value="amd64"/>
    <property name="java.vm.specification.name" value="Java Virtual Machine Specification"/>
    <property name="PID" value="12072"/>
    <property name="CONSOLE_LOG_CHARSET" value="UTF-8"/>
    <property name="native.encoding" value="UTF-8"/>
    <property name="java.library.path" value="/usr/java/packages/lib:/usr/lib64:/lib64:/lib:/usr/lib"/>
    <property name="java.vm.info" value="mixed mode, sharing"/>
    <property name="java.vendor" value="Amazon.com Inc."/>
    <property name="java.vm.version" value="17.0.9+8-LTS"/>
    <property name="sun.io.unicode.encoding" value="UnicodeLittle"/>
    <property name="java.class.version" value="61.0"/>
  </properties>
  <testcase name="runTimeTest" classname="com.backstage.xduchat.RunTimeTest" time="1.201">
    <system-out><![CDATA[18:44:36.463 [main] DEBUG org.springframework.test.context.BootstrapUtils - Instantiating CacheAwareContextLoaderDelegate from class [org.springframework.test.context.cache.DefaultCacheAwareContextLoaderDelegate]
18:44:36.587 [main] DEBUG org.springframework.test.context.BootstrapUtils - Instantiating BootstrapContext using constructor [public org.springframework.test.context.support.DefaultBootstrapContext(java.lang.Class,org.springframework.test.context.CacheAwareContextLoaderDelegate)]
18:44:36.921 [main] DEBUG org.springframework.test.context.BootstrapUtils - Instantiating TestContextBootstrapper for test class [com.backstage.xduchat.RunTimeTest] from class [org.springframework.boot.test.context.SpringBootTestContextBootstrapper]
18:44:37.030 [main] INFO org.springframework.boot.test.context.SpringBootTestContextBootstrapper - Neither @ContextConfiguration nor @ContextHierarchy found for test class [com.backstage.xduchat.RunTimeTest], using SpringBootContextLoader
18:44:37.041 [main] DEBUG org.springframework.test.context.support.AbstractContextLoader - Did not detect default resource location for test class [com.backstage.xduchat.RunTimeTest]: class path resource [com/backstage/xduchat/RunTimeTest-context.xml] does not exist
18:44:37.042 [main] DEBUG org.springframework.test.context.support.AbstractContextLoader - Did not detect default resource location for test class [com.backstage.xduchat.RunTimeTest]: class path resource [com/backstage/xduchat/RunTimeTestContext.groovy] does not exist
18:44:37.044 [main] INFO org.springframework.test.context.support.AbstractContextLoader - Could not detect default resource locations for test class [com.backstage.xduchat.RunTimeTest]: no resource found for suffixes {-context.xml, Context.groovy}.
18:44:37.305 [main] DEBUG org.springframework.test.context.support.ActiveProfilesUtils - Could not find an 'annotation declaring class' for annotation type [org.springframework.test.context.ActiveProfiles] and class [com.backstage.xduchat.RunTimeTest]
18:44:37.674 [main] DEBUG org.springframework.boot.test.context.SpringBootTestContextBootstrapper - @TestExecutionListeners is not present for class [com.backstage.xduchat.RunTimeTest]: using defaults.
18:44:37.676 [main] INFO org.springframework.boot.test.context.SpringBootTestContextBootstrapper - Loaded default TestExecutionListener class names from location [META-INF/spring.factories]: [org.springframework.boot.test.mock.mockito.MockitoTestExecutionListener, org.springframework.boot.test.mock.mockito.ResetMocksTestExecutionListener, org.springframework.boot.test.autoconfigure.restdocs.RestDocsTestExecutionListener, org.springframework.boot.test.autoconfigure.web.client.MockRestServiceServerResetTestExecutionListener, org.springframework.boot.test.autoconfigure.web.servlet.MockMvcPrintOnlyOnFailureTestExecutionListener, org.springframework.boot.test.autoconfigure.web.servlet.WebDriverTestExecutionListener, org.springframework.boot.test.autoconfigure.webservices.client.MockWebServiceServerTestExecutionListener, org.springframework.test.context.web.ServletTestExecutionListener, org.springframework.test.context.support.DirtiesContextBeforeModesTestExecutionListener, org.springframework.test.context.event.ApplicationEventsTestExecutionListener, org.springframework.test.context.support.DependencyInjectionTestExecutionListener, org.springframework.test.context.support.DirtiesContextTestExecutionListener, org.springframework.test.context.transaction.TransactionalTestExecutionListener, org.springframework.test.context.jdbc.SqlScriptsTestExecutionListener, org.springframework.test.context.event.EventPublishingTestExecutionListener]
18:44:37.729 [main] INFO org.springframework.boot.test.context.SpringBootTestContextBootstrapper - Using TestExecutionListeners: [org.springframework.test.context.web.ServletTestExecutionListener@5ef5c734, org.springframework.test.context.support.DirtiesContextBeforeModesTestExecutionListener@d771cc9, org.springframework.test.context.event.ApplicationEventsTestExecutionListener@36b4091c, org.springframework.boot.test.mock.mockito.MockitoTestExecutionListener@4671115f, org.springframework.boot.test.autoconfigure.SpringBootDependencyInjectionTestExecutionListener@36cda2c2, org.springframework.test.context.support.DirtiesContextTestExecutionListener@3697186, org.springframework.test.context.transaction.TransactionalTestExecutionListener@1583741e, org.springframework.test.context.jdbc.SqlScriptsTestExecutionListener@5b367418, org.springframework.test.context.event.EventPublishingTestExecutionListener@36060e, org.springframework.boot.test.mock.mockito.ResetMocksTestExecutionListener@481ba2cf, org.springframework.boot.test.autoconfigure.restdocs.RestDocsTestExecutionListener@46b61c56, org.springframework.boot.test.autoconfigure.web.client.MockRestServiceServerResetTestExecutionListener@2e48362c, org.springframework.boot.test.autoconfigure.web.servlet.MockMvcPrintOnlyOnFailureTestExecutionListener@1efe439d, org.springframework.boot.test.autoconfigure.web.servlet.WebDriverTestExecutionListener@be68757, org.springframework.boot.test.autoconfigure.webservices.client.MockWebServiceServerTestExecutionListener@7d446ed1]
18:44:37.740 [main] DEBUG org.springframework.test.context.support.AbstractDirtiesContextTestExecutionListener - Before test class: context [DefaultTestContext@68df9280 testClass = RunTimeTest, testInstance = [null], testMethod = [null], testException = [null], mergedContextConfiguration = [WebMergedContextConfiguration@479460a6 testClass = RunTimeTest, locations = '{}', classes = '{class com.backstage.xduchat.XduChatApplication}', contextInitializerClasses = '[]', activeProfiles = '{}', propertySourceLocations = '{}', propertySourceProperties = '{org.springframework.boot.test.context.SpringBootTestContextBootstrapper=true}', contextCustomizers = set[org.springframework.boot.test.context.filter.ExcludeFilterContextCustomizer@3cebbb30, org.springframework.boot.test.json.DuplicateJsonObjectContextCustomizerFactory$DuplicateJsonObjectContextCustomizer@67f639d3, org.springframework.boot.test.mock.mockito.MockitoContextCustomizer@0, org.springframework.boot.test.web.client.TestRestTemplateContextCustomizer@4efac082, org.springframework.boot.test.web.reactive.server.WebTestClientContextCustomizer@72e5a8e, org.springframework.boot.test.autoconfigure.actuate.metrics.MetricsExportContextCustomizerFactory$DisableMetricExportContextCustomizer@272113c4, org.springframework.boot.test.autoconfigure.properties.PropertyMappingContextCustomizer@0, org.springframework.boot.test.autoconfigure.web.servlet.WebDriverContextCustomizerFactory$Customizer@229c6181, org.springframework.boot.test.context.SpringBootTestArgs@1, org.springframework.boot.test.context.SpringBootTestWebEnvironment@1d371b2d], resourceBasePath = 'src/main/webapp', contextLoader = 'org.springframework.boot.test.context.SpringBootContextLoader', parent = [null]], attributes = map['org.springframework.test.context.web.ServletTestExecutionListener.activateListener' -> true]], class annotated with @DirtiesContext [false] with mode [null].
 ██     ██ ███████   ██     ██         ██████  ██      ██     ██     ██████████
░░██   ██ ░██░░░░██ ░██    ░██        ██░░░░██░██     ░██    ████   ░░░░░██░░░ 
 ░░██ ██  ░██    ░██░██    ░██       ██    ░░ ░██     ░██   ██░░██      ░██    
  ░░███   ░██    ░██░██    ░██ █████░██       ░██████████  ██  ░░██     ░██    
   ██░██  ░██    ░██░██    ░██░░░░░ ░██       ░██░░░░░░██ ██████████    ░██    
  ██ ░░██ ░██    ██ ░██    ░██      ░░██    ██░██     ░██░██░░░░░░██    ░██    
 ██   ░░██░███████  ░░███████        ░░██████ ░██     ░██░██     ░██    ░██    
░░     ░░ ░░░░░░░    ░░░░░░░          ░░░░░░  ░░      ░░ ░░      ░░     ░░     


2024-05-19 18:44:38.989  INFO 12072 --- [           main] com.backstage.xduchat.RunTimeTest        : Starting RunTimeTest using Java 17.0.9 on ColdFood with PID 12072 (started by zyy in /home/zyy/文档/WorkSPace/GitRepForManjaro/Xdu-Chat)
2024-05-19 18:44:38.997  INFO 12072 --- [           main] com.backstage.xduchat.RunTimeTest        : No active profile set, falling back to 1 default profile: "default"
Logging initialized using 'class org.apache.ibatis.logging.stdout.StdOutImpl' adapter.
Parsed mapper file: 'file [/home/zyy/文档/WorkSPace/GitRepForManjaro/Xdu-Chat/target/classes/mapper/DialoguesMapper.xml]'
Parsed mapper file: 'file [/home/zyy/文档/WorkSPace/GitRepForManjaro/Xdu-Chat/target/classes/mapper/FeedbackMapper.xml]'
Parsed mapper file: 'file [/home/zyy/文档/WorkSPace/GitRepForManjaro/Xdu-Chat/target/classes/mapper/GeneralRecordMapper.xml]'
 _ _   |_  _ _|_. ___ _ |    _ 
| | |\/|_)(_| | |_\  |_)||_|_\ 
     /               |         
                        3.5.3.1 
2024-05-19 18:44:50.726  INFO 12072 --- [           main] pertySourcedRequestMappingHandlerMapping : Mapped URL path [/v2/api-docs] onto method [springfox.documentation.swagger2.web.Swagger2ControllerWebMvc#getDocumentation(String, HttpServletRequest)]
2024-05-19 18:44:51.616  INFO 12072 --- [           main] d.s.w.p.DocumentationPluginsBootstrapper : Documentation plugins bootstrapped
2024-05-19 18:44:51.621  INFO 12072 --- [           main] d.s.w.p.DocumentationPluginsBootstrapper : Found 1 custom documentation plugin(s)
2024-05-19 18:44:51.689  INFO 12072 --- [           main] s.d.s.w.s.ApiListingReferenceScanner     : Scanning for api listing references
2024-05-19 18:44:51.990  INFO 12072 --- [           main] com.backstage.xduchat.RunTimeTest        : Started RunTimeTest in 14.136 seconds (JVM running for 19.042)
2024-05-19 18:44:53.141  INFO 12072 --- [           main] com.backstage.xduchat.RunTimeTest        : 服务启动时间: 1716115491994 ms
2024-05-19 18:44:53.154  INFO 12072 --- [           main] com.backstage.xduchat.RunTimeTest        : 当前时间: 1716115493154 ms
2024-05-19 18:44:53.194  INFO 12072 --- [           main] com.backstage.xduchat.RunTimeTest        : 服务已运行: 1秒
]]></system-out>
  </testcase>
</testsuite>