<?xml version="1.0" encoding="UTF-8"?>
<testsuite xmlns:xsi="http://www.w3.org/2001/XMLSchema-instance" xsi:noNamespaceSchemaLocation="https://maven.apache.org/surefire/maven-surefire-plugin/xsd/surefire-test-report-3.0.xsd" version="3.0" name="com.backstage.xduchat.RunTimeTest" time="6.537" tests="1" errors="0" skipped="0" failures="0">
  <properties>
    <property name="java.specification.version" value="17"/>
    <property name="sun.cpu.isalist" value="amd64"/>
    <property name="sun.jnu.encoding" value="GBK"/>
    <property name="java.class.path" value="C:\Users\86153\Desktop\GithubRep\Xdu-Chat\target\test-classes;C:\Users\86153\Desktop\GithubRep\Xdu-Chat\target\classes;C:\Users\86153\.m2\repository\org\springframework\boot\spring-boot-starter\2.6.13\spring-boot-starter-2.6.13.jar;C:\Users\86153\.m2\repository\org\springframework\boot\spring-boot\2.6.13\spring-boot-2.6.13.jar;C:\Users\86153\.m2\repository\org\springframework\spring-context\5.3.23\spring-context-5.3.23.jar;C:\Users\86153\.m2\repository\org\springframework\boot\spring-boot-autoconfigure\2.6.13\spring-boot-autoconfigure-2.6.13.jar;C:\Users\86153\.m2\repository\org\springframework\boot\spring-boot-starter-logging\2.6.13\spring-boot-starter-logging-2.6.13.jar;C:\Users\86153\.m2\repository\ch\qos\logback\logback-classic\1.2.11\logback-classic-1.2.11.jar;C:\Users\86153\.m2\repository\ch\qos\logback\logback-core\1.2.11\logback-core-1.2.11.jar;C:\Users\86153\.m2\repository\org\apache\logging\log4j\log4j-to-slf4j\2.17.2\log4j-to-slf4j-2.17.2.jar;C:\Users\86153\.m2\repository\org\apache\logging\log4j\log4j-api\2.17.2\log4j-api-2.17.2.jar;C:\Users\86153\.m2\repository\org\slf4j\jul-to-slf4j\1.7.36\jul-to-slf4j-1.7.36.jar;C:\Users\86153\.m2\repository\jakarta\annotation\jakarta.annotation-api\1.3.5\jakarta.annotation-api-1.3.5.jar;C:\Users\86153\.m2\repository\org\springframework\spring-core\5.3.23\spring-core-5.3.23.jar;C:\Users\86153\.m2\repository\org\springframework\spring-jcl\5.3.23\spring-jcl-5.3.23.jar;C:\Users\86153\.m2\repository\org\yaml\snakeyaml\1.29\snakeyaml-1.29.jar;C:\Users\86153\.m2\repository\org\springframework\boot\spring-boot-starter-web\2.6.13\spring-boot-starter-web-2.6.13.jar;C:\Users\86153\.m2\repository\org\springframework\boot\spring-boot-starter-json\2.6.13\spring-boot-starter-json-2.6.13.jar;C:\Users\86153\.m2\repository\com\fasterxml\jackson\core\jackson-databind\2.13.4.2\jackson-databind-2.13.4.2.jar;C:\Users\86153\.m2\repository\com\fasterxml\jackson\core\jackson-core\2.13.4\jackson-core-2.13.4.jar;C:\Users\86153\.m2\repository\com\fasterxml\jackson\datatype\jackson-datatype-jdk8\2.13.4\jackson-datatype-jdk8-2.13.4.jar;C:\Users\86153\.m2\repository\com\fasterxml\jackson\datatype\jackson-datatype-jsr310\2.13.4\jackson-datatype-jsr310-2.13.4.jar;C:\Users\86153\.m2\repository\com\fasterxml\jackson\module\jackson-module-parameter-names\2.13.4\jackson-module-parameter-names-2.13.4.jar;C:\Users\86153\.m2\repository\org\springframework\boot\spring-boot-starter-tomcat\2.6.13\spring-boot-starter-tomcat-2.6.13.jar;C:\Users\86153\.m2\repository\org\apache\tomcat\embed\tomcat-embed-core\9.0.68\tomcat-embed-core-9.0.68.jar;C:\Users\86153\.m2\repository\org\apache\tomcat\embed\tomcat-embed-el\9.0.68\tomcat-embed-el-9.0.68.jar;C:\Users\86153\.m2\repository\org\apache\tomcat\embed\tomcat-embed-websocket\9.0.68\tomcat-embed-websocket-9.0.68.jar;C:\Users\86153\.m2\repository\org\springframework\spring-web\5.3.23\spring-web-5.3.23.jar;C:\Users\86153\.m2\repository\org\springframework\spring-beans\5.3.23\spring-beans-5.3.23.jar;C:\Users\86153\.m2\repository\org\springframework\spring-webmvc\5.3.23\spring-webmvc-5.3.23.jar;C:\Users\86153\.m2\repository\org\springframework\spring-aop\5.3.23\spring-aop-5.3.23.jar;C:\Users\86153\.m2\repository\org\springframework\spring-expression\5.3.23\spring-expression-5.3.23.jar;C:\Users\86153\.m2\repository\org\springframework\boot\spring-boot-starter-test\2.6.13\spring-boot-starter-test-2.6.13.jar;C:\Users\86153\.m2\repository\org\springframework\boot\spring-boot-test\2.6.13\spring-boot-test-2.6.13.jar;C:\Users\86153\.m2\repository\org\springframework\boot\spring-boot-test-autoconfigure\2.6.13\spring-boot-test-autoconfigure-2.6.13.jar;C:\Users\86153\.m2\repository\com\jayway\jsonpath\json-path\2.6.0\json-path-2.6.0.jar;C:\Users\86153\.m2\repository\net\minidev\json-smart\2.4.8\json-smart-2.4.8.jar;C:\Users\86153\.m2\repository\net\minidev\accessors-smart\2.4.8\accessors-smart-2.4.8.jar;C:\Users\86153\.m2\repository\org\ow2\asm\asm\9.1\asm-9.1.jar;C:\Users\86153\.m2\repository\org\slf4j\slf4j-api\1.7.36\slf4j-api-1.7.36.jar;C:\Users\86153\.m2\repository\jakarta\xml\bind\jakarta.xml.bind-api\2.3.3\jakarta.xml.bind-api-2.3.3.jar;C:\Users\86153\.m2\repository\jakarta\activation\jakarta.activation-api\1.2.2\jakarta.activation-api-1.2.2.jar;C:\Users\86153\.m2\repository\org\assertj\assertj-core\3.21.0\assertj-core-3.21.0.jar;C:\Users\86153\.m2\repository\org\hamcrest\hamcrest\2.2\hamcrest-2.2.jar;C:\Users\86153\.m2\repository\org\junit\jupiter\junit-jupiter\5.8.2\junit-jupiter-5.8.2.jar;C:\Users\86153\.m2\repository\org\junit\jupiter\junit-jupiter-api\5.8.2\junit-jupiter-api-5.8.2.jar;C:\Users\86153\.m2\repository\org\opentest4j\opentest4j\1.2.0\opentest4j-1.2.0.jar;C:\Users\86153\.m2\repository\org\junit\platform\junit-platform-commons\1.8.2\junit-platform-commons-1.8.2.jar;C:\Users\86153\.m2\repository\org\apiguardian\apiguardian-api\1.1.2\apiguardian-api-1.1.2.jar;C:\Users\86153\.m2\repository\org\junit\jupiter\junit-jupiter-params\5.8.2\junit-jupiter-params-5.8.2.jar;C:\Users\86153\.m2\repository\org\junit\jupiter\junit-jupiter-engine\5.8.2\junit-jupiter-engine-5.8.2.jar;C:\Users\86153\.m2\repository\org\junit\platform\junit-platform-engine\1.8.2\junit-platform-engine-1.8.2.jar;C:\Users\86153\.m2\repository\org\mockito\mockito-core\4.0.0\mockito-core-4.0.0.jar;C:\Users\86153\.m2\repository\net\bytebuddy\byte-buddy\1.11.22\byte-buddy-1.11.22.jar;C:\Users\86153\.m2\repository\net\bytebuddy\byte-buddy-agent\1.11.22\byte-buddy-agent-1.11.22.jar;C:\Users\86153\.m2\repository\org\objenesis\objenesis\3.2\objenesis-3.2.jar;C:\Users\86153\.m2\repository\org\mockito\mockito-junit-jupiter\4.0.0\mockito-junit-jupiter-4.0.0.jar;C:\Users\86153\.m2\repository\org\skyscreamer\jsonassert\1.5.1\jsonassert-1.5.1.jar;C:\Users\86153\.m2\repository\com\vaadin\external\google\android-json\0.0.20131108.vaadin1\android-json-0.0.20131108.vaadin1.jar;C:\Users\86153\.m2\repository\org\xmlunit\xmlunit-core\2.8.4\xmlunit-core-2.8.4.jar;C:\Users\86153\.m2\repository\com\github\xiaoymin\knife4j-openapi2-spring-boot-starter\4.4.0\knife4j-openapi2-spring-boot-starter-4.4.0.jar;C:\Users\86153\.m2\repository\com\github\xiaoymin\knife4j-core\4.4.0\knife4j-core-4.4.0.jar;C:\Users\86153\.m2\repository\com\github\xiaoymin\knife4j-openapi2-ui\4.4.0\knife4j-openapi2-ui-4.4.0.jar;C:\Users\86153\.m2\repository\org\javassist\javassist\3.25.0-GA\javassist-3.25.0-GA.jar;C:\Users\86153\.m2\repository\io\springfox\springfox-swagger2\2.10.5\springfox-swagger2-2.10.5.jar;C:\Users\86153\.m2\repository\io\springfox\springfox-spi\2.10.5\springfox-spi-2.10.5.jar;C:\Users\86153\.m2\repository\io\springfox\springfox-core\2.10.5\springfox-core-2.10.5.jar;C:\Users\86153\.m2\repository\io\springfox\springfox-schema\2.10.5\springfox-schema-2.10.5.jar;C:\Users\86153\.m2\repository\io\springfox\springfox-swagger-common\2.10.5\springfox-swagger-common-2.10.5.jar;C:\Users\86153\.m2\repository\io\springfox\springfox-spring-web\2.10.5\springfox-spring-web-2.10.5.jar;C:\Users\86153\.m2\repository\io\github\classgraph\classgraph\4.1.7\classgraph-4.1.7.jar;C:\Users\86153\.m2\repository\com\fasterxml\classmate\1.5.1\classmate-1.5.1.jar;C:\Users\86153\.m2\repository\org\springframework\plugin\spring-plugin-core\2.0.0.RELEASE\spring-plugin-core-2.0.0.RELEASE.jar;C:\Users\86153\.m2\repository\org\springframework\plugin\spring-plugin-metadata\2.0.0.RELEASE\spring-plugin-metadata-2.0.0.RELEASE.jar;C:\Users\86153\.m2\repository\org\mapstruct\mapstruct\1.3.1.Final\mapstruct-1.3.1.Final.jar;C:\Users\86153\.m2\repository\io\swagger\swagger-models\1.6.6\swagger-models-1.6.6.jar;C:\Users\86153\.m2\repository\com\fasterxml\jackson\core\jackson-annotations\2.13.4\jackson-annotations-2.13.4.jar;C:\Users\86153\.m2\repository\io\swagger\swagger-annotations\1.6.6\swagger-annotations-1.6.6.jar;C:\Users\86153\.m2\repository\io\springfox\springfox-bean-validators\2.10.5\springfox-bean-validators-2.10.5.jar;C:\Users\86153\.m2\repository\io\springfox\springfox-spring-webmvc\2.10.5\springfox-spring-webmvc-2.10.5.jar;C:\Users\86153\.m2\repository\cn\hutool\hutool-all\5.8.23\hutool-all-5.8.23.jar;C:\Users\86153\.m2\repository\org\projectlombok\lombok\1.18.24\lombok-1.18.24.jar;C:\Users\86153\.m2\repository\org\springframework\boot\spring-boot-starter-webflux\2.7.0\spring-boot-starter-webflux-2.7.0.jar;C:\Users\86153\.m2\repository\org\springframework\boot\spring-boot-starter-reactor-netty\2.6.13\spring-boot-starter-reactor-netty-2.6.13.jar;C:\Users\86153\.m2\repository\io\projectreactor\netty\reactor-netty-http\1.0.24\reactor-netty-http-1.0.24.jar;C:\Users\86153\.m2\repository\io\netty\netty-codec-http\4.1.84.Final\netty-codec-http-4.1.84.Final.jar;C:\Users\86153\.m2\repository\io\netty\netty-common\4.1.84.Final\netty-common-4.1.84.Final.jar;C:\Users\86153\.m2\repository\io\netty\netty-buffer\4.1.84.Final\netty-buffer-4.1.84.Final.jar;C:\Users\86153\.m2\repository\io\netty\netty-transport\4.1.84.Final\netty-transport-4.1.84.Final.jar;C:\Users\86153\.m2\repository\io\netty\netty-codec\4.1.84.Final\netty-codec-4.1.84.Final.jar;C:\Users\86153\.m2\repository\io\netty\netty-handler\4.1.84.Final\netty-handler-4.1.84.Final.jar;C:\Users\86153\.m2\repository\io\netty\netty-codec-http2\4.1.84.Final\netty-codec-http2-4.1.84.Final.jar;C:\Users\86153\.m2\repository\io\netty\netty-resolver-dns\4.1.84.Final\netty-resolver-dns-4.1.84.Final.jar;C:\Users\86153\.m2\repository\io\netty\netty-resolver\4.1.84.Final\netty-resolver-4.1.84.Final.jar;C:\Users\86153\.m2\repository\io\netty\netty-codec-dns\4.1.84.Final\netty-codec-dns-4.1.84.Final.jar;C:\Users\86153\.m2\repository\io\netty\netty-resolver-dns-native-macos\4.1.84.Final\netty-resolver-dns-native-macos-4.1.84.Final-osx-x86_64.jar;C:\Users\86153\.m2\repository\io\netty\netty-resolver-dns-classes-macos\4.1.84.Final\netty-resolver-dns-classes-macos-4.1.84.Final.jar;C:\Users\86153\.m2\repository\io\netty\netty-transport-native-epoll\4.1.84.Final\netty-transport-native-epoll-4.1.84.Final-linux-x86_64.jar;C:\Users\86153\.m2\repository\io\netty\netty-transport-native-unix-common\4.1.84.Final\netty-transport-native-unix-common-4.1.84.Final.jar;C:\Users\86153\.m2\repository\io\netty\netty-transport-classes-epoll\4.1.84.Final\netty-transport-classes-epoll-4.1.84.Final.jar;C:\Users\86153\.m2\repository\io\projectreactor\netty\reactor-netty-core\1.0.24\reactor-netty-core-1.0.24.jar;C:\Users\86153\.m2\repository\io\netty\netty-handler-proxy\4.1.84.Final\netty-handler-proxy-4.1.84.Final.jar;C:\Users\86153\.m2\repository\io\netty\netty-codec-socks\4.1.84.Final\netty-codec-socks-4.1.84.Final.jar;C:\Users\86153\.m2\repository\org\springframework\spring-webflux\5.3.23\spring-webflux-5.3.23.jar;C:\Users\86153\.m2\repository\io\projectreactor\reactor-core\3.4.24\reactor-core-3.4.24.jar;C:\Users\86153\.m2\repository\org\reactivestreams\reactive-streams\1.0.4\reactive-streams-1.0.4.jar;C:\Users\86153\.m2\repository\org\springframework\spring-test\5.3.23\spring-test-5.3.23.jar;C:\Users\86153\.m2\repository\com\mysql\mysql-connector-j\8.0.33\mysql-connector-j-8.0.33.jar;C:\Users\86153\.m2\repository\com\baomidou\mybatis-plus-boot-starter\3.5.3.1\mybatis-plus-boot-starter-3.5.3.1.jar;C:\Users\86153\.m2\repository\com\baomidou\mybatis-plus\3.5.3.1\mybatis-plus-3.5.3.1.jar;C:\Users\86153\.m2\repository\com\baomidou\mybatis-plus-extension\3.5.3.1\mybatis-plus-extension-3.5.3.1.jar;C:\Users\86153\.m2\repository\com\baomidou\mybatis-plus-core\3.5.3.1\mybatis-plus-core-3.5.3.1.jar;C:\Users\86153\.m2\repository\com\baomidou\mybatis-plus-annotation\3.5.3.1\mybatis-plus-annotation-3.5.3.1.jar;C:\Users\86153\.m2\repository\com\github\jsqlparser\jsqlparser\4.4\jsqlparser-4.4.jar;C:\Users\86153\.m2\repository\org\mybatis\mybatis\3.5.10\mybatis-3.5.10.jar;C:\Users\86153\.m2\repository\org\mybatis\mybatis-spring\2.0.7\mybatis-spring-2.0.7.jar;C:\Users\86153\.m2\repository\org\springframework\boot\spring-boot-starter-jdbc\2.6.13\spring-boot-starter-jdbc-2.6.13.jar;C:\Users\86153\.m2\repository\com\zaxxer\HikariCP\4.0.3\HikariCP-4.0.3.jar;C:\Users\86153\.m2\repository\org\springframework\spring-jdbc\5.3.23\spring-jdbc-5.3.23.jar;C:\Users\86153\.m2\repository\org\springframework\spring-tx\5.3.23\spring-tx-5.3.23.jar;"/>
    <property name="java.vm.vendor" value="Amazon.com Inc."/>
    <property name="sun.arch.data.model" value="64"/>
    <property name="user.variant" value=""/>
    <property name="java.vendor.url" value="https://aws.amazon.com/corretto/"/>
    <property name="user.timezone" value="Asia/Shanghai"/>
    <property name="os.name" value="Windows 10"/>
    <property name="java.vm.specification.version" value="17"/>
    <property name="sun.java.launcher" value="SUN_STANDARD"/>
    <property name="user.country" value="CN"/>
    <property name="sun.boot.library.path" value="C:\Users\86153\.jdks\corretto-17.0.8.1\bin"/>
    <property name="sun.java.command" value="C:\Users\86153\AppData\Local\Temp\surefire4575364334666621356\surefirebooter-20240424180547928_3.jar C:\Users\86153\AppData\Local\Temp\surefire4575364334666621356 2024-04-24T18-05-47_652-jvmRun1 surefire-20240424180547928_1tmp surefire_0-20240424180547928_2tmp"/>
    <property name="jdk.debug" value="release"/>
    <property name="surefire.test.class.path" value="C:\Users\86153\Desktop\GithubRep\Xdu-Chat\target\test-classes;C:\Users\86153\Desktop\GithubRep\Xdu-Chat\target\classes;C:\Users\86153\.m2\repository\org\springframework\boot\spring-boot-starter\2.6.13\spring-boot-starter-2.6.13.jar;C:\Users\86153\.m2\repository\org\springframework\boot\spring-boot\2.6.13\spring-boot-2.6.13.jar;C:\Users\86153\.m2\repository\org\springframework\spring-context\5.3.23\spring-context-5.3.23.jar;C:\Users\86153\.m2\repository\org\springframework\boot\spring-boot-autoconfigure\2.6.13\spring-boot-autoconfigure-2.6.13.jar;C:\Users\86153\.m2\repository\org\springframework\boot\spring-boot-starter-logging\2.6.13\spring-boot-starter-logging-2.6.13.jar;C:\Users\86153\.m2\repository\ch\qos\logback\logback-classic\1.2.11\logback-classic-1.2.11.jar;C:\Users\86153\.m2\repository\ch\qos\logback\logback-core\1.2.11\logback-core-1.2.11.jar;C:\Users\86153\.m2\repository\org\apache\logging\log4j\log4j-to-slf4j\2.17.2\log4j-to-slf4j-2.17.2.jar;C:\Users\86153\.m2\repository\org\apache\logging\log4j\log4j-api\2.17.2\log4j-api-2.17.2.jar;C:\Users\86153\.m2\repository\org\slf4j\jul-to-slf4j\1.7.36\jul-to-slf4j-1.7.36.jar;C:\Users\86153\.m2\repository\jakarta\annotation\jakarta.annotation-api\1.3.5\jakarta.annotation-api-1.3.5.jar;C:\Users\86153\.m2\repository\org\springframework\spring-core\5.3.23\spring-core-5.3.23.jar;C:\Users\86153\.m2\repository\org\springframework\spring-jcl\5.3.23\spring-jcl-5.3.23.jar;C:\Users\86153\.m2\repository\org\yaml\snakeyaml\1.29\snakeyaml-1.29.jar;C:\Users\86153\.m2\repository\org\springframework\boot\spring-boot-starter-web\2.6.13\spring-boot-starter-web-2.6.13.jar;C:\Users\86153\.m2\repository\org\springframework\boot\spring-boot-starter-json\2.6.13\spring-boot-starter-json-2.6.13.jar;C:\Users\86153\.m2\repository\com\fasterxml\jackson\core\jackson-databind\2.13.4.2\jackson-databind-2.13.4.2.jar;C:\Users\86153\.m2\repository\com\fasterxml\jackson\core\jackson-core\2.13.4\jackson-core-2.13.4.jar;C:\Users\86153\.m2\repository\com\fasterxml\jackson\datatype\jackson-datatype-jdk8\2.13.4\jackson-datatype-jdk8-2.13.4.jar;C:\Users\86153\.m2\repository\com\fasterxml\jackson\datatype\jackson-datatype-jsr310\2.13.4\jackson-datatype-jsr310-2.13.4.jar;C:\Users\86153\.m2\repository\com\fasterxml\jackson\module\jackson-module-parameter-names\2.13.4\jackson-module-parameter-names-2.13.4.jar;C:\Users\86153\.m2\repository\org\springframework\boot\spring-boot-starter-tomcat\2.6.13\spring-boot-starter-tomcat-2.6.13.jar;C:\Users\86153\.m2\repository\org\apache\tomcat\embed\tomcat-embed-core\9.0.68\tomcat-embed-core-9.0.68.jar;C:\Users\86153\.m2\repository\org\apache\tomcat\embed\tomcat-embed-el\9.0.68\tomcat-embed-el-9.0.68.jar;C:\Users\86153\.m2\repository\org\apache\tomcat\embed\tomcat-embed-websocket\9.0.68\tomcat-embed-websocket-9.0.68.jar;C:\Users\86153\.m2\repository\org\springframework\spring-web\5.3.23\spring-web-5.3.23.jar;C:\Users\86153\.m2\repository\org\springframework\spring-beans\5.3.23\spring-beans-5.3.23.jar;C:\Users\86153\.m2\repository\org\springframework\spring-webmvc\5.3.23\spring-webmvc-5.3.23.jar;C:\Users\86153\.m2\repository\org\springframework\spring-aop\5.3.23\spring-aop-5.3.23.jar;C:\Users\86153\.m2\repository\org\springframework\spring-expression\5.3.23\spring-expression-5.3.23.jar;C:\Users\86153\.m2\repository\org\springframework\boot\spring-boot-starter-test\2.6.13\spring-boot-starter-test-2.6.13.jar;C:\Users\86153\.m2\repository\org\springframework\boot\spring-boot-test\2.6.13\spring-boot-test-2.6.13.jar;C:\Users\86153\.m2\repository\org\springframework\boot\spring-boot-test-autoconfigure\2.6.13\spring-boot-test-autoconfigure-2.6.13.jar;C:\Users\86153\.m2\repository\com\jayway\jsonpath\json-path\2.6.0\json-path-2.6.0.jar;C:\Users\86153\.m2\repository\net\minidev\json-smart\2.4.8\json-smart-2.4.8.jar;C:\Users\86153\.m2\repository\net\minidev\accessors-smart\2.4.8\accessors-smart-2.4.8.jar;C:\Users\86153\.m2\repository\org\ow2\asm\asm\9.1\asm-9.1.jar;C:\Users\86153\.m2\repository\org\slf4j\slf4j-api\1.7.36\slf4j-api-1.7.36.jar;C:\Users\86153\.m2\repository\jakarta\xml\bind\jakarta.xml.bind-api\2.3.3\jakarta.xml.bind-api-2.3.3.jar;C:\Users\86153\.m2\repository\jakarta\activation\jakarta.activation-api\1.2.2\jakarta.activation-api-1.2.2.jar;C:\Users\86153\.m2\repository\org\assertj\assertj-core\3.21.0\assertj-core-3.21.0.jar;C:\Users\86153\.m2\repository\org\hamcrest\hamcrest\2.2\hamcrest-2.2.jar;C:\Users\86153\.m2\repository\org\junit\jupiter\junit-jupiter\5.8.2\junit-jupiter-5.8.2.jar;C:\Users\86153\.m2\repository\org\junit\jupiter\junit-jupiter-api\5.8.2\junit-jupiter-api-5.8.2.jar;C:\Users\86153\.m2\repository\org\opentest4j\opentest4j\1.2.0\opentest4j-1.2.0.jar;C:\Users\86153\.m2\repository\org\junit\platform\junit-platform-commons\1.8.2\junit-platform-commons-1.8.2.jar;C:\Users\86153\.m2\repository\org\apiguardian\apiguardian-api\1.1.2\apiguardian-api-1.1.2.jar;C:\Users\86153\.m2\repository\org\junit\jupiter\junit-jupiter-params\5.8.2\junit-jupiter-params-5.8.2.jar;C:\Users\86153\.m2\repository\org\junit\jupiter\junit-jupiter-engine\5.8.2\junit-jupiter-engine-5.8.2.jar;C:\Users\86153\.m2\repository\org\junit\platform\junit-platform-engine\1.8.2\junit-platform-engine-1.8.2.jar;C:\Users\86153\.m2\repository\org\mockito\mockito-core\4.0.0\mockito-core-4.0.0.jar;C:\Users\86153\.m2\repository\net\bytebuddy\byte-buddy\1.11.22\byte-buddy-1.11.22.jar;C:\Users\86153\.m2\repository\net\bytebuddy\byte-buddy-agent\1.11.22\byte-buddy-agent-1.11.22.jar;C:\Users\86153\.m2\repository\org\objenesis\objenesis\3.2\objenesis-3.2.jar;C:\Users\86153\.m2\repository\org\mockito\mockito-junit-jupiter\4.0.0\mockito-junit-jupiter-4.0.0.jar;C:\Users\86153\.m2\repository\org\skyscreamer\jsonassert\1.5.1\jsonassert-1.5.1.jar;C:\Users\86153\.m2\repository\com\vaadin\external\google\android-json\0.0.20131108.vaadin1\android-json-0.0.20131108.vaadin1.jar;C:\Users\86153\.m2\repository\org\xmlunit\xmlunit-core\2.8.4\xmlunit-core-2.8.4.jar;C:\Users\86153\.m2\repository\com\github\xiaoymin\knife4j-openapi2-spring-boot-starter\4.4.0\knife4j-openapi2-spring-boot-starter-4.4.0.jar;C:\Users\86153\.m2\repository\com\github\xiaoymin\knife4j-core\4.4.0\knife4j-core-4.4.0.jar;C:\Users\86153\.m2\repository\com\github\xiaoymin\knife4j-openapi2-ui\4.4.0\knife4j-openapi2-ui-4.4.0.jar;C:\Users\86153\.m2\repository\org\javassist\javassist\3.25.0-GA\javassist-3.25.0-GA.jar;C:\Users\86153\.m2\repository\io\springfox\springfox-swagger2\2.10.5\springfox-swagger2-2.10.5.jar;C:\Users\86153\.m2\repository\io\springfox\springfox-spi\2.10.5\springfox-spi-2.10.5.jar;C:\Users\86153\.m2\repository\io\springfox\springfox-core\2.10.5\springfox-core-2.10.5.jar;C:\Users\86153\.m2\repository\io\springfox\springfox-schema\2.10.5\springfox-schema-2.10.5.jar;C:\Users\86153\.m2\repository\io\springfox\springfox-swagger-common\2.10.5\springfox-swagger-common-2.10.5.jar;C:\Users\86153\.m2\repository\io\springfox\springfox-spring-web\2.10.5\springfox-spring-web-2.10.5.jar;C:\Users\86153\.m2\repository\io\github\classgraph\classgraph\4.1.7\classgraph-4.1.7.jar;C:\Users\86153\.m2\repository\com\fasterxml\classmate\1.5.1\classmate-1.5.1.jar;C:\Users\86153\.m2\repository\org\springframework\plugin\spring-plugin-core\2.0.0.RELEASE\spring-plugin-core-2.0.0.RELEASE.jar;C:\Users\86153\.m2\repository\org\springframework\plugin\spring-plugin-metadata\2.0.0.RELEASE\spring-plugin-metadata-2.0.0.RELEASE.jar;C:\Users\86153\.m2\repository\org\mapstruct\mapstruct\1.3.1.Final\mapstruct-1.3.1.Final.jar;C:\Users\86153\.m2\repository\io\swagger\swagger-models\1.6.6\swagger-models-1.6.6.jar;C:\Users\86153\.m2\repository\com\fasterxml\jackson\core\jackson-annotations\2.13.4\jackson-annotations-2.13.4.jar;C:\Users\86153\.m2\repository\io\swagger\swagger-annotations\1.6.6\swagger-annotations-1.6.6.jar;C:\Users\86153\.m2\repository\io\springfox\springfox-bean-validators\2.10.5\springfox-bean-validators-2.10.5.jar;C:\Users\86153\.m2\repository\io\springfox\springfox-spring-webmvc\2.10.5\springfox-spring-webmvc-2.10.5.jar;C:\Users\86153\.m2\repository\cn\hutool\hutool-all\5.8.23\hutool-all-5.8.23.jar;C:\Users\86153\.m2\repository\org\projectlombok\lombok\1.18.24\lombok-1.18.24.jar;C:\Users\86153\.m2\repository\org\springframework\boot\spring-boot-starter-webflux\2.7.0\spring-boot-starter-webflux-2.7.0.jar;C:\Users\86153\.m2\repository\org\springframework\boot\spring-boot-starter-reactor-netty\2.6.13\spring-boot-starter-reactor-netty-2.6.13.jar;C:\Users\86153\.m2\repository\io\projectreactor\netty\reactor-netty-http\1.0.24\reactor-netty-http-1.0.24.jar;C:\Users\86153\.m2\repository\io\netty\netty-codec-http\4.1.84.Final\netty-codec-http-4.1.84.Final.jar;C:\Users\86153\.m2\repository\io\netty\netty-common\4.1.84.Final\netty-common-4.1.84.Final.jar;C:\Users\86153\.m2\repository\io\netty\netty-buffer\4.1.84.Final\netty-buffer-4.1.84.Final.jar;C:\Users\86153\.m2\repository\io\netty\netty-transport\4.1.84.Final\netty-transport-4.1.84.Final.jar;C:\Users\86153\.m2\repository\io\netty\netty-codec\4.1.84.Final\netty-codec-4.1.84.Final.jar;C:\Users\86153\.m2\repository\io\netty\netty-handler\4.1.84.Final\netty-handler-4.1.84.Final.jar;C:\Users\86153\.m2\repository\io\netty\netty-codec-http2\4.1.84.Final\netty-codec-http2-4.1.84.Final.jar;C:\Users\86153\.m2\repository\io\netty\netty-resolver-dns\4.1.84.Final\netty-resolver-dns-4.1.84.Final.jar;C:\Users\86153\.m2\repository\io\netty\netty-resolver\4.1.84.Final\netty-resolver-4.1.84.Final.jar;C:\Users\86153\.m2\repository\io\netty\netty-codec-dns\4.1.84.Final\netty-codec-dns-4.1.84.Final.jar;C:\Users\86153\.m2\repository\io\netty\netty-resolver-dns-native-macos\4.1.84.Final\netty-resolver-dns-native-macos-4.1.84.Final-osx-x86_64.jar;C:\Users\86153\.m2\repository\io\netty\netty-resolver-dns-classes-macos\4.1.84.Final\netty-resolver-dns-classes-macos-4.1.84.Final.jar;C:\Users\86153\.m2\repository\io\netty\netty-transport-native-epoll\4.1.84.Final\netty-transport-native-epoll-4.1.84.Final-linux-x86_64.jar;C:\Users\86153\.m2\repository\io\netty\netty-transport-native-unix-common\4.1.84.Final\netty-transport-native-unix-common-4.1.84.Final.jar;C:\Users\86153\.m2\repository\io\netty\netty-transport-classes-epoll\4.1.84.Final\netty-transport-classes-epoll-4.1.84.Final.jar;C:\Users\86153\.m2\repository\io\projectreactor\netty\reactor-netty-core\1.0.24\reactor-netty-core-1.0.24.jar;C:\Users\86153\.m2\repository\io\netty\netty-handler-proxy\4.1.84.Final\netty-handler-proxy-4.1.84.Final.jar;C:\Users\86153\.m2\repository\io\netty\netty-codec-socks\4.1.84.Final\netty-codec-socks-4.1.84.Final.jar;C:\Users\86153\.m2\repository\org\springframework\spring-webflux\5.3.23\spring-webflux-5.3.23.jar;C:\Users\86153\.m2\repository\io\projectreactor\reactor-core\3.4.24\reactor-core-3.4.24.jar;C:\Users\86153\.m2\repository\org\reactivestreams\reactive-streams\1.0.4\reactive-streams-1.0.4.jar;C:\Users\86153\.m2\repository\org\springframework\spring-test\5.3.23\spring-test-5.3.23.jar;C:\Users\86153\.m2\repository\com\mysql\mysql-connector-j\8.0.33\mysql-connector-j-8.0.33.jar;C:\Users\86153\.m2\repository\com\baomidou\mybatis-plus-boot-starter\3.5.3.1\mybatis-plus-boot-starter-3.5.3.1.jar;C:\Users\86153\.m2\repository\com\baomidou\mybatis-plus\3.5.3.1\mybatis-plus-3.5.3.1.jar;C:\Users\86153\.m2\repository\com\baomidou\mybatis-plus-extension\3.5.3.1\mybatis-plus-extension-3.5.3.1.jar;C:\Users\86153\.m2\repository\com\baomidou\mybatis-plus-core\3.5.3.1\mybatis-plus-core-3.5.3.1.jar;C:\Users\86153\.m2\repository\com\baomidou\mybatis-plus-annotation\3.5.3.1\mybatis-plus-annotation-3.5.3.1.jar;C:\Users\86153\.m2\repository\com\github\jsqlparser\jsqlparser\4.4\jsqlparser-4.4.jar;C:\Users\86153\.m2\repository\org\mybatis\mybatis\3.5.10\mybatis-3.5.10.jar;C:\Users\86153\.m2\repository\org\mybatis\mybatis-spring\2.0.7\mybatis-spring-2.0.7.jar;C:\Users\86153\.m2\repository\org\springframework\boot\spring-boot-starter-jdbc\2.6.13\spring-boot-starter-jdbc-2.6.13.jar;C:\Users\86153\.m2\repository\com\zaxxer\HikariCP\4.0.3\HikariCP-4.0.3.jar;C:\Users\86153\.m2\repository\org\springframework\spring-jdbc\5.3.23\spring-jdbc-5.3.23.jar;C:\Users\86153\.m2\repository\org\springframework\spring-tx\5.3.23\spring-tx-5.3.23.jar;"/>
    <property name="sun.cpu.endian" value="little"/>
    <property name="user.home" value="C:\Users\86153"/>
    <property name="user.language" value="zh"/>
    <property name="java.specification.vendor" value="Oracle Corporation"/>
    <property name="java.version.date" value="2023-08-22"/>
    <property name="java.home" value="C:\Users\86153\.jdks\corretto-17.0.8.1"/>
    <property name="file.separator" value="\"/>
    <property name="basedir" value="C:\Users\86153\Desktop\GithubRep\Xdu-Chat"/>
    <property name="java.vm.compressedOopsMode" value="32-bit"/>
    <property name="line.separator" value="&#10;"/>
    <property name="java.vm.specification.vendor" value="Oracle Corporation"/>
    <property name="java.specification.name" value="Java Platform API Specification"/>
    <property name="FILE_LOG_CHARSET" value="GBK"/>
    <property name="java.awt.headless" value="true"/>
    <property name="surefire.real.class.path" value="C:\Users\86153\AppData\Local\Temp\surefire4575364334666621356\surefirebooter-20240424180547928_3.jar"/>
    <property name="user.script" value=""/>
    <property name="sun.management.compiler" value="HotSpot 64-Bit Tiered Compilers"/>
    <property name="java.runtime.version" value="17.0.8.1+8-LTS"/>
    <property name="user.name" value="86153"/>
    <property name="path.separator" value=";"/>
    <property name="os.version" value="10.0"/>
    <property name="java.runtime.name" value="OpenJDK Runtime Environment"/>
    <property name="file.encoding" value="GBK"/>
    <property name="spring.beaninfo.ignore" value="true"/>
    <property name="java.vm.name" value="OpenJDK 64-Bit Server VM"/>
    <property name="java.vendor.version" value="Corretto-17.0.8.8.1"/>
    <property name="localRepository" value="C:\Users\86153\.m2\repository"/>
    <property name="java.vendor.url.bug" value="https://github.com/corretto/corretto-17/issues/"/>
    <property name="java.io.tmpdir" value="C:\Users\86153\AppData\Local\Temp\"/>
    <property name="idea.version" value="2024.1"/>
    <property name="java.version" value="17.0.8.1"/>
    <property name="user.dir" value="C:\Users\86153\Desktop\GithubRep\Xdu-Chat"/>
    <property name="os.arch" value="amd64"/>
    <property name="java.vm.specification.name" value="Java Virtual Machine Specification"/>
    <property name="PID" value="15932"/>
    <property name="sun.os.patch.level" value=""/>
    <property name="CONSOLE_LOG_CHARSET" value="GBK"/>
    <property name="native.encoding" value="GBK"/>
    <property name="java.library.path" value="C:\Users\86153\.jdks\corretto-17.0.8.1\bin;C:\WINDOWS\Sun\Java\bin;C:\WINDOWS\system32;C:\WINDOWS;C:\Users\86153\nvmw\nodejs\v18.17.0;C:\Users\86153\bin;C:\Program Files\Git\mingw64\bin;C:\Program Files\Git\usr\local\bin;C:\Program Files\Git\usr\bin;C:\Program Files\Git\usr\bin;C:\Program Files\Git\mingw64\bin;C:\Program Files\Git\usr\bin;C:\Users\86153\bin;C:\Python311\Scripts;C:\Python311;C:\Program Files\Common Files\Oracle\Java\javapath;C:\Program Files (x86)\VMware\VMware Workstation\bin;C:\Program Files\dotnet;C:\Program Files\Polyspace\R2020b\runtime\win64;C:\Program Files\Polyspace\R2020b\bin;C:\Program Files\MATLAB\R2016a\runtime\win64;C:\Program Files\MATLAB\R2016a\bin;C:\Program Files\MATLAB\R2016a\polyspace\bin;C:\Program Files\CMake\bin;C:\Program Files\Git\cmd;C:\Users\86153\Desktop\tomcat\apache-tomcat-10.0.27\bin;C:\Program Files\nodejs\node_global;C:\ProgramData\chocolatey\bin;C:\Program Files\SourceGear\Common\DiffMerge;C:\Program Files\Go\bin;C:\Program Files\Go\bin;C:\Users\86153\Desktop\maven\apache-maven-3.8.6\bin;C:\WINDOWS;C:\WINDOWS\system32;C:\WINDOWS\System32\OpenSSH;C:\WINDOWS\System32\Wbem;C:\WINDOWS\System32\WindowsPowerShell\v1.0;C:\WINDOWS\System32\WindowsPowerShell\v1.0;C:\WINDOWS\System32\OpenSSH;C:\Program Files\nodejs;C:\Users\86153\AppData\Roaming\nvm;C:\Program Files\nodejs;C:\Program Files\Polyspace\R2020b\polyspace\bin;C:\Program Files\PuTTY;C:\LINGO64_18;C:\Program Files (x86)\NetSarang\Xshell 7;C:\Users\86153\AppData\Roaming\Python\Python311\Scripts;C:\Program Files\MySQL\MySQL Shell 8.0\bin;C:\Users\86153\AppData\Local\Microsoft\WindowsApps;C:\Users\86153\.dotnet\tools;C:\Program Files\Java\jdk-19\bi;C:\Program Files\Java\jdk-19\jre\bin;.;C:\mingw64\bin;C:\Users\86153\AppData\Local\Programs\Microsoft VS Code\bin;C:\Program Files (x86)\Diffuse;C:\Program Files\JetBrains\DataGrip 2022.3.2\bin;C:\Program Files\JetBrains\PyCharm 2022.3.1\bin;C:\Program Files\JetBrains\CLion 2022.3.1\bin;C:\Users\86153\go\bin;C:\Program Files\JetBrains\GoLand 2022.3.1\bin;C:\Users\86153\AppData\Local\JetBrains\Toolbox\scripts;C:\Program Files\JetBrains\WebStorm 2022.3.2\bin;C:\Users\86153\AppData\Local\Microsoft\WindowsApps;C:\Users\86153\AppData\Roaming\npm;C:\Users\86153\AppData\Roaming\nvm;C:\Program Files\nodejs;C:\Users\86153\AppData\Local\GitHubDesktop\bin;C:\Program Files (x86)\pandoc-3.1.6;C:\Program Files\Git\usr\bin\vendor_perl;C:\Program Files\Git\usr\bin\core_perl;."/>
    <property name="java.vm.info" value="mixed mode, sharing"/>
    <property name="java.vendor" value="Amazon.com Inc."/>
    <property name="java.vm.version" value="17.0.8.1+8-LTS"/>
    <property name="sun.io.unicode.encoding" value="UnicodeLittle"/>
    <property name="java.class.version" value="61.0"/>
  </properties>
  <testcase name="runTimeTest" classname="com.backstage.xduchat.RunTimeTest" time="0.716">
    <system-out><![CDATA[18:05:48.861 [main] DEBUG org.springframework.test.context.BootstrapUtils - Instantiating CacheAwareContextLoaderDelegate from class [org.springframework.test.context.cache.DefaultCacheAwareContextLoaderDelegate]
18:05:48.871 [main] DEBUG org.springframework.test.context.BootstrapUtils - Instantiating BootstrapContext using constructor [public org.springframework.test.context.support.DefaultBootstrapContext(java.lang.Class,org.springframework.test.context.CacheAwareContextLoaderDelegate)]
18:05:48.907 [main] DEBUG org.springframework.test.context.BootstrapUtils - Instantiating TestContextBootstrapper for test class [com.backstage.xduchat.RunTimeTest] from class [org.springframework.boot.test.context.SpringBootTestContextBootstrapper]
18:05:48.923 [main] INFO org.springframework.boot.test.context.SpringBootTestContextBootstrapper - Neither @ContextConfiguration nor @ContextHierarchy found for test class [com.backstage.xduchat.RunTimeTest], using SpringBootContextLoader
18:05:48.927 [main] DEBUG org.springframework.test.context.support.AbstractContextLoader - Did not detect default resource location for test class [com.backstage.xduchat.RunTimeTest]: class path resource [com/backstage/xduchat/RunTimeTest-context.xml] does not exist
18:05:48.927 [main] DEBUG org.springframework.test.context.support.AbstractContextLoader - Did not detect default resource location for test class [com.backstage.xduchat.RunTimeTest]: class path resource [com/backstage/xduchat/RunTimeTestContext.groovy] does not exist
18:05:48.927 [main] INFO org.springframework.test.context.support.AbstractContextLoader - Could not detect default resource locations for test class [com.backstage.xduchat.RunTimeTest]: no resource found for suffixes {-context.xml, Context.groovy}.
18:05:48.983 [main] DEBUG org.springframework.test.context.support.ActiveProfilesUtils - Could not find an 'annotation declaring class' for annotation type [org.springframework.test.context.ActiveProfiles] and class [com.backstage.xduchat.RunTimeTest]
18:05:49.132 [main] DEBUG org.springframework.boot.test.context.SpringBootTestContextBootstrapper - @TestExecutionListeners is not present for class [com.backstage.xduchat.RunTimeTest]: using defaults.
18:05:49.132 [main] INFO org.springframework.boot.test.context.SpringBootTestContextBootstrapper - Loaded default TestExecutionListener class names from location [META-INF/spring.factories]: [org.springframework.boot.test.mock.mockito.MockitoTestExecutionListener, org.springframework.boot.test.mock.mockito.ResetMocksTestExecutionListener, org.springframework.boot.test.autoconfigure.restdocs.RestDocsTestExecutionListener, org.springframework.boot.test.autoconfigure.web.client.MockRestServiceServerResetTestExecutionListener, org.springframework.boot.test.autoconfigure.web.servlet.MockMvcPrintOnlyOnFailureTestExecutionListener, org.springframework.boot.test.autoconfigure.web.servlet.WebDriverTestExecutionListener, org.springframework.boot.test.autoconfigure.webservices.client.MockWebServiceServerTestExecutionListener, org.springframework.test.context.web.ServletTestExecutionListener, org.springframework.test.context.support.DirtiesContextBeforeModesTestExecutionListener, org.springframework.test.context.event.ApplicationEventsTestExecutionListener, org.springframework.test.context.support.DependencyInjectionTestExecutionListener, org.springframework.test.context.support.DirtiesContextTestExecutionListener, org.springframework.test.context.transaction.TransactionalTestExecutionListener, org.springframework.test.context.jdbc.SqlScriptsTestExecutionListener, org.springframework.test.context.event.EventPublishingTestExecutionListener]
18:05:49.151 [main] INFO org.springframework.boot.test.context.SpringBootTestContextBootstrapper - Using TestExecutionListeners: [org.springframework.test.context.web.ServletTestExecutionListener@6dab9b6d, org.springframework.test.context.support.DirtiesContextBeforeModesTestExecutionListener@21fd5faa, org.springframework.test.context.event.ApplicationEventsTestExecutionListener@2766ca9d, org.springframework.boot.test.mock.mockito.MockitoTestExecutionListener@5460cf3a, org.springframework.boot.test.autoconfigure.SpringBootDependencyInjectionTestExecutionListener@65a15628, org.springframework.test.context.support.DirtiesContextTestExecutionListener@2e6a5539, org.springframework.test.context.transaction.TransactionalTestExecutionListener@3fc9504b, org.springframework.test.context.jdbc.SqlScriptsTestExecutionListener@6d025197, org.springframework.test.context.event.EventPublishingTestExecutionListener@27d4a09, org.springframework.boot.test.mock.mockito.ResetMocksTestExecutionListener@7e4204e2, org.springframework.boot.test.autoconfigure.restdocs.RestDocsTestExecutionListener@b7c4869, org.springframework.boot.test.autoconfigure.web.client.MockRestServiceServerResetTestExecutionListener@740d2e78, org.springframework.boot.test.autoconfigure.web.servlet.MockMvcPrintOnlyOnFailureTestExecutionListener@1c481ff2, org.springframework.boot.test.autoconfigure.web.servlet.WebDriverTestExecutionListener@72437d8d, org.springframework.boot.test.autoconfigure.webservices.client.MockWebServiceServerTestExecutionListener@1b955cac]
18:05:49.154 [main] DEBUG org.springframework.test.context.support.AbstractDirtiesContextTestExecutionListener - Before test class: context [DefaultTestContext@30af5b6b testClass = RunTimeTest, testInstance = [null], testMethod = [null], testException = [null], mergedContextConfiguration = [WebMergedContextConfiguration@19835e64 testClass = RunTimeTest, locations = '{}', classes = '{class com.backstage.xduchat.XduChatApplication}', contextInitializerClasses = '[]', activeProfiles = '{}', propertySourceLocations = '{}', propertySourceProperties = '{org.springframework.boot.test.context.SpringBootTestContextBootstrapper=true}', contextCustomizers = set[org.springframework.boot.test.context.filter.ExcludeFilterContextCustomizer@6caf0677, org.springframework.boot.test.json.DuplicateJsonObjectContextCustomizerFactory$DuplicateJsonObjectContextCustomizer@273444fe, org.springframework.boot.test.mock.mockito.MockitoContextCustomizer@0, org.springframework.boot.test.web.client.TestRestTemplateContextCustomizer@7c137fd5, org.springframework.boot.test.web.reactive.server.WebTestClientContextCustomizer@4d1c005e, org.springframework.boot.test.autoconfigure.actuate.metrics.MetricsExportContextCustomizerFactory$DisableMetricExportContextCustomizer@7188af83, org.springframework.boot.test.autoconfigure.properties.PropertyMappingContextCustomizer@0, org.springframework.boot.test.autoconfigure.web.servlet.WebDriverContextCustomizerFactory$Customizer@28dcca0c, org.springframework.boot.test.context.SpringBootTestArgs@1, org.springframework.boot.test.context.SpringBootTestWebEnvironment@12028586], resourceBasePath = 'src/main/webapp', contextLoader = 'org.springframework.boot.test.context.SpringBootContextLoader', parent = [null]], attributes = map['org.springframework.test.context.web.ServletTestExecutionListener.activateListener' -> true]], class annotated with @DirtiesContext [false] with mode [null].
 ██     ██ ███████   ██     ██         ██████  ██      ██     ██     ██████████
░░██   ██ ░██░░░░██ ░██    ░██        ██░░░░██░██     ░██    ████   ░░░░░██░░░ 
 ░░██ ██  ░██    ░██░██    ░██       ██    ░░ ░██     ░██   ██░░██      ░██    
  ░░███   ░██    ░██░██    ░██ █████░██       ░██████████  ██  ░░██     ░██    
   ██░██  ░██    ░██░██    ░██░░░░░ ░██       ░██░░░░░░██ ██████████    ░██    
  ██ ░░██ ░██    ██ ░██    ░██      ░░██    ██░██     ░██░██░░░░░░██    ░██    
 ██   ░░██░███████  ░░███████        ░░██████ ░██     ░██░██     ░██    ░██    
░░     ░░ ░░░░░░░    ░░░░░░░          ░░░░░░  ░░      ░░ ░░      ░░     ░░     


2024-04-24 18:05:49.605  INFO 15932 --- [           main] com.backstage.xduchat.RunTimeTest        : Starting RunTimeTest using Java 17.0.8.1 on 寒食 with PID 15932 (started by 86153 in C:\Users\86153\Desktop\GithubRep\Xdu-Chat)
2024-04-24 18:05:49.608  INFO 15932 --- [           main] com.backstage.xduchat.RunTimeTest        : No active profile set, falling back to 1 default profile: "default"
Logging initialized using 'class org.apache.ibatis.logging.stdout.StdOutImpl' adapter.
Parsed mapper file: 'file [C:\Users\86153\Desktop\GithubRep\Xdu-Chat\target\classes\mapper\FeedbackMapper.xml]'
Parsed mapper file: 'file [C:\Users\86153\Desktop\GithubRep\Xdu-Chat\target\classes\mapper\GeneralRecordMapper.xml]'
 _ _   |_  _ _|_. ___ _ |    _ 
| | |\/|_)(_| | |_\  |_)||_|_\ 
     /               |         
                        3.5.3.1 
2024-04-24 18:05:53.370  INFO 15932 --- [           main] pertySourcedRequestMappingHandlerMapping : Mapped URL path [/v2/api-docs] onto method [springfox.documentation.swagger2.web.Swagger2ControllerWebMvc#getDocumentation(String, HttpServletRequest)]
2024-04-24 18:05:54.182  INFO 15932 --- [           main] d.s.w.p.DocumentationPluginsBootstrapper : Documentation plugins bootstrapped
2024-04-24 18:05:54.187  INFO 15932 --- [           main] d.s.w.p.DocumentationPluginsBootstrapper : Found 1 custom documentation plugin(s)
2024-04-24 18:05:54.229  INFO 15932 --- [           main] s.d.s.w.s.ApiListingReferenceScanner     : Scanning for api listing references
2024-04-24 18:05:54.575  INFO 15932 --- [           main] com.backstage.xduchat.RunTimeTest        : Started RunTimeTest in 5.377 seconds (JVM running for 6.446)
2024-04-24 18:05:55.298  INFO 15932 --- [           main] com.backstage.xduchat.RunTimeTest        : 服务启动时间: 1713953154579 ms
2024-04-24 18:05:55.299  INFO 15932 --- [           main] com.backstage.xduchat.RunTimeTest        : 当前时间: 1713953155299 ms
2024-04-24 18:05:55.315  INFO 15932 --- [           main] com.backstage.xduchat.RunTimeTest        : 服务已运行: 0秒
]]></system-out>
  </testcase>
</testsuite>